<?xml version="1.0" encoding="UTF-8"?>
<!-- Generated by org.testng.reporters.JUnitReportReporter -->
<testsuite name="mavenDemos.TitleDemo1" tests="1" time="26.216" ignored="0" failures="0" timestamp="08 Dec 2021 06:51:08 GMT" skipped="0" hostname="LAPTOP-9J2STTPK" errors="0">
  <testcase name="test1" time="26.216" classname="mavenDemos.TitleDemo1"/>
</testsuite> <!-- mavenDemos.TitleDemo1 -->
